Jun 03, 2022 2:37:15 PM ch.fhnw.acrm.business.service.LogToPDFService logUser
INFO: User: Janhas registered an account
Jun 03, 2022 2:38:52 PM ch.fhnw.acrm.business.service.LogToPDFService logUser
INFO: User: testuserhas registered an account
Jun 03, 2022 2:39:38 PM ch.fhnw.acrm.business.service.LogToPDFService logUser
INFO: User: testhas registered an account
Jun 03, 2022 2:40:17 PM ch.fhnw.acrm.business.service.LogToPDFService logUser
INFO: User test has updated his profile!
Jun 03, 2022 4:55:56 PM ch.fhnw.acrm.business.service.LogToPDFService logUser
INFO: User: qwehas registered an account
Jun 03, 2022 4:56:08 PM ch.fhnw.acrm.business.service.LogToPDFService logUser
INFO: User git@github.com has logged in
Jun 03, 2022 4:57:04 PM ch.fhnw.acrm.business.service.LogToPDFService logUser
INFO: User: aswfdhas registered an account
Jun 03, 2022 4:57:12 PM ch.fhnw.acrm.business.service.LogToPDFService logUser
INFO: User git@github.com has logged in
Jun 03, 2022 6:39:03 PM ch.fhnw.acrm.business.service.LogToPDFService logUser
INFO: User: qewwqeahas registered an account
Jun 03, 2022 6:46:23 PM ch.fhnw.acrm.business.service.LogToPDFService logUser
INFO: User: testhas registered an account
Jun 03, 2022 6:46:57 PM ch.fhnw.acrm.business.service.LogToPDFService logUser
INFO: User: blahas registered an account
Jun 03, 2022 6:47:02 PM ch.fhnw.acrm.business.service.LogToPDFService logUser
INFO: User test@testi has logged in
Jun 03, 2022 9:44:05 PM ch.fhnw.acrm.business.service.LogToPDFService logUser
INFO: User: rewrwhas registered an account
Jun 03, 2022 9:44:22 PM ch.fhnw.acrm.business.service.LogToPDFService logUser
INFO: User test@test has logged in
